::1 - - [03/Apr/2016:00:58:57 -0400] "GET / HTTP/1.1" 200 37846
::1 - - [03/Apr/2016:00:58:57 -0400] "GET /apachehaus.ico HTTP/1.1" 200 4286
::1 - - [03/Apr/2016:01:01:14 -0400] "GET / HTTP/1.1" 304 -
::1 - - [03/Apr/2016:01:01:14 -0400] "GET /apachehaus.ico HTTP/1.1" 200 4286
::1 - - [03/Apr/2016:01:01:15 -0400] "GET / HTTP/1.1" 304 -
::1 - - [03/Apr/2016:01:01:15 -0400] "GET /apachehaus.ico HTTP/1.1" 200 4286
::1 - - [03/Apr/2016:01:01:59 -0400] "GET / HTTP/1.1" 304 -
::1 - - [03/Apr/2016:01:01:59 -0400] "GET /apachehaus.ico HTTP/1.1" 200 4286
::1 - - [03/Apr/2016:01:02:15 -0400] "GET / HTTP/1.1" 200 1624
::1 - - [03/Apr/2016:01:02:16 -0400] "GET /favicon.ico HTTP/1.1" 404 209
::1 - - [03/Apr/2016:01:05:58 -0400] "GET / HTTP/1.1" 304 -
::1 - - [03/Apr/2016:01:06:03 -0400] "GET / HTTP/1.1" 304 -
::1 - - [03/Apr/2016:01:17:52 -0400] "GET / HTTP/1.1" 200 1663
::1 - - [03/Apr/2016:01:17:55 -0400] "GET /test1.html HTTP/1.1" 200 2322
::1 - - [03/Apr/2016:01:18:22 -0400] "GET /test1.html HTTP/1.1" 200 2324
::1 - - [03/Apr/2016:01:20:17 -0400] "GET /test1.html HTTP/1.1" 200 2366
::1 - - [03/Apr/2016:01:21:01 -0400] "GET /test1.html HTTP/1.1" 200 2382
::1 - - [03/Apr/2016:01:21:10 -0400] "GET /test1.html HTTP/1.1" 304 -
::1 - - [03/Apr/2016:01:21:24 -0400] "GET /test1.html HTTP/1.1" 304 -
::1 - - [03/Apr/2016:01:22:48 -0400] "GET / HTTP/1.1" 304 -
::1 - - [03/Apr/2016:01:22:51 -0400] "GET /test1.html HTTP/1.1" 304 -
::1 - - [03/Apr/2016:01:48:47 -0400] "GET /test2.html HTTP/1.1" 200 373
::1 - - [03/Apr/2016:01:48:47 -0400] "GET /tileCanon.js HTTP/1.1" 200 1686
::1 - - [03/Apr/2016:01:50:46 -0400] "GET /test2.html HTTP/1.1" 304 -
::1 - - [03/Apr/2016:01:50:46 -0400] "GET /tileCanon.js HTTP/1.1" 200 1722
::1 - - [03/Apr/2016:01:54:46 -0400] "GET /test2.html HTTP/1.1" 304 -
::1 - - [03/Apr/2016:01:54:47 -0400] "GET /tileCanon.js HTTP/1.1" 200 1756
::1 - - [03/Apr/2016:02:35:52 -0400] "GET /test2.html HTTP/1.1" 304 -
::1 - - [03/Apr/2016:02:35:52 -0400] "GET /tileCanon.js HTTP/1.1" 304 -
::1 - - [03/Apr/2016:05:38:02 -0400] "GET /test2.html HTTP/1.1" 304 -
::1 - - [03/Apr/2016:05:38:02 -0400] "GET /tileCanon.js HTTP/1.1" 304 -
::1 - - [03/Apr/2016:05:38:04 -0400] "GET /favicon.ico HTTP/1.1" 404 209
::1 - - [03/Apr/2016:06:43:16 -0400] "GET /test3.html HTTP/1.1" 200 277
::1 - - [03/Apr/2016:06:43:16 -0400] "GET /tileCanon.js HTTP/1.1" 304 -
::1 - - [03/Apr/2016:06:45:00 -0400] "GET /test3.html HTTP/1.1" 200 278
::1 - - [03/Apr/2016:06:45:00 -0400] "GET /tileCanon2.js HTTP/1.1" 200 2943
::1 - - [03/Apr/2016:06:52:04 -0400] "GET /test3.html HTTP/1.1" 304 -
::1 - - [03/Apr/2016:06:52:04 -0400] "GET /tileCanon2.js HTTP/1.1" 304 -
::1 - - [03/Apr/2016:07:41:50 -0400] "GET /test3.html HTTP/1.1" 304 -
::1 - - [03/Apr/2016:07:41:51 -0400] "GET /tileCanon2.js HTTP/1.1" 200 3139
::1 - - [03/Apr/2016:07:43:01 -0400] "GET /test3.html HTTP/1.1" 304 -
::1 - - [03/Apr/2016:07:43:01 -0400] "GET /tileCanon2.js HTTP/1.1" 200 3151
::1 - - [03/Apr/2016:07:46:52 -0400] "GET /test3.html HTTP/1.1" 304 -
::1 - - [03/Apr/2016:07:46:52 -0400] "GET /tileCanon2.js HTTP/1.1" 304 -
::1 - - [03/Apr/2016:07:47:17 -0400] "GET /test3.html HTTP/1.1" 304 -
::1 - - [03/Apr/2016:07:47:17 -0400] "GET /tileCanon2.js HTTP/1.1" 200 3159
::1 - - [03/Apr/2016:07:50:29 -0400] "GET /test3.html HTTP/1.1" 200 304
::1 - - [03/Apr/2016:07:50:30 -0400] "GET /tileCanon2.js HTTP/1.1" 200 3398
::1 - - [03/Apr/2016:07:51:54 -0400] "GET /test3.html HTTP/1.1" 304 -
::1 - - [03/Apr/2016:07:51:54 -0400] "GET /tileCanon2.js HTTP/1.1" 200 3426
::1 - - [03/Apr/2016:07:57:45 -0400] "GET /test3.html HTTP/1.1" 304 -
::1 - - [03/Apr/2016:07:57:45 -0400] "GET /tileCanon2.js HTTP/1.1" 200 3514
::1 - - [03/Apr/2016:08:02:01 -0400] "GET /test3.html HTTP/1.1" 304 -
::1 - - [03/Apr/2016:08:02:01 -0400] "GET /tileCanon2.js HTTP/1.1" 200 3605
::1 - - [03/Apr/2016:08:04:37 -0400] "GET /test3.html HTTP/1.1" 304 -
::1 - - [03/Apr/2016:08:04:38 -0400] "GET /tileCanon2.js HTTP/1.1" 200 3560
::1 - - [03/Apr/2016:08:06:18 -0400] "GET /test3.html HTTP/1.1" 304 -
::1 - - [03/Apr/2016:08:06:18 -0400] "GET /tileCanon2.js HTTP/1.1" 200 3556
::1 - - [03/Apr/2016:08:06:56 -0400] "GET /test3.html HTTP/1.1" 304 -
::1 - - [03/Apr/2016:08:06:56 -0400] "GET /tileCanon2.js HTTP/1.1" 200 3566
::1 - - [03/Apr/2016:09:27:17 -0400] "GET /test3.html HTTP/1.1" 304 -
::1 - - [03/Apr/2016:09:27:17 -0400] "GET /tileCanon2.js HTTP/1.1" 200 3726
::1 - - [03/Apr/2016:09:28:11 -0400] "GET /test3.html HTTP/1.1" 304 -
::1 - - [03/Apr/2016:09:28:11 -0400] "GET /tileCanon2.js HTTP/1.1" 200 3726
::1 - - [03/Apr/2016:09:28:41 -0400] "GET /test3.html HTTP/1.1" 304 -
::1 - - [03/Apr/2016:09:28:41 -0400] "GET /tileCanon2.js HTTP/1.1" 304 -
::1 - - [03/Apr/2016:09:29:51 -0400] "GET /test3.html HTTP/1.1" 304 -
::1 - - [03/Apr/2016:09:29:51 -0400] "GET /tileCanon2.js HTTP/1.1" 304 -
::1 - - [03/Apr/2016:09:31:21 -0400] "GET /test3.html HTTP/1.1" 304 -
::1 - - [03/Apr/2016:09:31:21 -0400] "GET /tileCanon2.js HTTP/1.1" 304 -
::1 - - [03/Apr/2016:09:57:05 -0400] "GET /test3.html HTTP/1.1" 304 -
::1 - - [03/Apr/2016:09:57:05 -0400] "GET /tileCanon2.js HTTP/1.1" 200 3734
::1 - - [03/Apr/2016:09:57:27 -0400] "GET /test3.html HTTP/1.1" 304 -
::1 - - [03/Apr/2016:09:57:28 -0400] "GET /tileCanon2.js HTTP/1.1" 304 -
::1 - - [03/Apr/2016:09:57:45 -0400] "GET /test3.html HTTP/1.1" 304 -
::1 - - [03/Apr/2016:09:57:45 -0400] "GET /tileCanon2.js HTTP/1.1" 200 3734
::1 - - [03/Apr/2016:09:58:08 -0400] "GET /tileCanon2.js HTTP/1.1" 304 -
::1 - - [03/Apr/2016:09:59:10 -0400] "GET /test3.html HTTP/1.1" 200 277
::1 - - [03/Apr/2016:09:59:10 -0400] "GET /tileCanon2.js HTTP/1.1" 200 3736
::1 - - [03/Apr/2016:10:03:50 -0400] "GET /test3.html HTTP/1.1" 304 -
::1 - - [03/Apr/2016:10:03:51 -0400] "GET /tileCanon2.js HTTP/1.1" 304 -
::1 - - [03/Apr/2016:10:03:59 -0400] "GET / HTTP/1.1" 304 -
::1 - - [03/Apr/2016:10:04:14 -0400] "GET / HTTP/1.1" 200 489
::1 - - [03/Apr/2016:10:04:14 -0400] "GET /tileCanon2.js HTTP/1.1" 304 -
::1 - - [03/Apr/2016:10:05:01 -0400] "GET / HTTP/1.1" 304 -
::1 - - [03/Apr/2016:10:05:01 -0400] "GET /tileCanon2.js HTTP/1.1" 304 -
::1 - - [03/Apr/2016:10:06:28 -0400] "GET / HTTP/1.1" 304 -
::1 - - [03/Apr/2016:10:06:28 -0400] "GET /tileCanon2.js HTTP/1.1" 304 -
::1 - - [03/Apr/2016:10:07:08 -0400] "GET / HTTP/1.1" 304 -
::1 - - [03/Apr/2016:10:07:08 -0400] "GET /tileCanon2.js HTTP/1.1" 304 -
::1 - - [03/Apr/2016:10:07:47 -0400] "GET / HTTP/1.1" 200 489
::1 - - [03/Apr/2016:10:07:47 -0400] "GET /videoCanon.js HTTP/1.1" 200 3554
::1 - - [03/Apr/2016:10:24:37 -0400] "GET / HTTP/1.1" 304 -
::1 - - [03/Apr/2016:10:24:37 -0400] "GET /videoCanon.js HTTP/1.1" 200 7672
::1 - - [03/Apr/2016:10:27:13 -0400] "GET / HTTP/1.1" 304 -
::1 - - [03/Apr/2016:10:27:13 -0400] "GET /videoCanon.js HTTP/1.1" 200 7734
::1 - - [03/Apr/2016:10:28:58 -0400] "GET / HTTP/1.1" 304 -
::1 - - [03/Apr/2016:10:28:58 -0400] "GET /videoCanon.js HTTP/1.1" 200 8254
::1 - - [03/Apr/2016:10:29:38 -0400] "GET / HTTP/1.1" 304 -
::1 - - [03/Apr/2016:10:29:38 -0400] "GET /videoCanon.js HTTP/1.1" 200 8255
::1 - - [03/Apr/2016:10:30:21 -0400] "GET / HTTP/1.1" 304 -
::1 - - [03/Apr/2016:10:30:21 -0400] "GET /videoCanon.js HTTP/1.1" 304 -
::1 - - [03/Apr/2016:10:40:55 -0400] "GET / HTTP/1.1" 304 -
::1 - - [03/Apr/2016:10:40:55 -0400] "GET /videoCanon.js HTTP/1.1" 200 8277
::1 - - [03/Apr/2016:10:55:41 -0400] "GET / HTTP/1.1" 304 -
::1 - - [03/Apr/2016:10:55:42 -0400] "GET /videoCanon.js HTTP/1.1" 304 -
