[Sun Apr 03 00:58:40.566647 2016] [ssl:warn] [pid 4164:tid 472] AH01909: localhost:443:0 server certificate does NOT include an ID which matches the server name
[Sun Apr 03 00:58:40.836034 2016] [ssl:warn] [pid 4164:tid 472] AH01909: localhost:443:0 server certificate does NOT include an ID which matches the server name
[Sun Apr 03 00:58:40.837035 2016] [mpm_winnt:notice] [pid 4164:tid 472] AH00455: Apache/2.4.18 (Win64) OpenSSL/1.0.2g configured -- resuming normal operations
[Sun Apr 03 00:58:40.837035 2016] [mpm_winnt:notice] [pid 4164:tid 472] AH00456: Server built: Mar  1 2016 21:13:58
[Sun Apr 03 00:58:40.837035 2016] [core:notice] [pid 4164:tid 472] AH00094: Command line: 'httpd.exe -d C:/Users/Boom/Programming/Video In Canon/Apache24'
[Sun Apr 03 00:58:42.154114 2016] [mpm_winnt:notice] [pid 4164:tid 472] AH00418: Parent: Created child process 3852
Apache server interrupted...
016] [ssl:warn] [pid 3852:tid 448] AH01909: localhost:443:0 server certificate does NOT include an ID which matches the server name
[Sun Apr 03 00:58:42.699653 2016] [ssl:warn] [pid 3852:tid 448] AH01909: localhost:443:0 server certificate does NOT include an ID which matches the server name
[Sun Apr 03 00:58:42.702655 2016] [mpm_winnt:notice] [pid 3852:tid 448] AH00354: Child: Starting 64 worker threads.
[Sun Apr 03 01:01:21.151268 2016] [mpm_winnt:notice] [pid 4164:tid 472] AH00422: Parent: Received shutdown signal -- Shutting down the server.
[Sun Apr 03 01:01:23.152713 2016] [mpm_winnt:notice] [pid 3852:tid 448] AH00364: Child: All worker threads have exited.
[Sun Apr 03 01:01:23.167638 2016] [mpm_winnt:notice] [pid 4164:tid 472] AH00430: Parent: Child process 3852 exited successfully.
[Sun Apr 03 01:01:27.314367 2016] [ssl:warn] [pid 9676:tid 484] AH01909: localhost:443:0 server certificate does NOT include an ID which matches the server name
[Sun Apr 03 01:01:27.474888 2016] [ssl:warn] [pid 9676:tid 484] AH01909: localhost:443:0 server certificate does NOT include an ID which matches the server name
[Sun Apr 03 01:01:27.475388 2016] [mpm_winnt:notice] [pid 9676:tid 484] AH00455: Apache/2.4.18 (Win64) OpenSSL/1.0.2g configured -- resuming normal operations
[Sun Apr 03 01:01:27.475388 2016] [mpm_winnt:notice] [pid 9676:tid 484] AH00456: Server built: Mar  1 2016 21:13:58
[Sun Apr 03 01:01:27.475388 2016] [core:notice] [pid 9676:tid 484] AH00094: Command line: 'httpd.exe -d C:/Users/Boom/Programming/Video In Canon/Apache24'
[Sun Apr 03 01:01:28.794082 2016] [mpm_winnt:notice] [pid 9676:tid 484] AH00418: Parent: Created child process 7900
Apache server interrupted...
016] [ssl:warn] [pid 7900:tid 484] AH01909: localhost:443:0 server certificate does NOT include an ID which matches the server name
[Sun Apr 03 01:01:29.324696 2016] [ssl:warn] [pid 7900:tid 484] AH01909: localhost:443:0 server certificate does NOT include an ID which matches the server name
[Sun Apr 03 01:01:29.328068 2016] [mpm_winnt:notice] [pid 7900:tid 484] AH00354: Child: Starting 64 worker threads.
[Sun Apr 03 01:02:05.114409 2016] [mpm_winnt:notice] [pid 9676:tid 484] AH00422: Parent: Received shutdown signal -- Shutting down the server.
[Sun Apr 03 01:02:07.115136 2016] [mpm_winnt:notice] [pid 7900:tid 484] AH00364: Child: All worker threads have exited.
[Sun Apr 03 01:02:07.128694 2016] [mpm_winnt:notice] [pid 9676:tid 484] AH00430: Parent: Child process 7900 exited successfully.
[Sun Apr 03 01:02:11.883659 2016] [ssl:warn] [pid 6304:tid 464] AH01909: localhost:443:0 server certificate does NOT include an ID which matches the server name
[Sun Apr 03 01:02:12.081291 2016] [ssl:warn] [pid 6304:tid 464] AH01909: localhost:443:0 server certificate does NOT include an ID which matches the server name
[Sun Apr 03 01:02:12.082292 2016] [mpm_winnt:notice] [pid 6304:tid 464] AH00455: Apache/2.4.18 (Win64) OpenSSL/1.0.2g configured -- resuming normal operations
[Sun Apr 03 01:02:12.082292 2016] [mpm_winnt:notice] [pid 6304:tid 464] AH00456: Server built: Mar  1 2016 21:13:58
[Sun Apr 03 01:02:12.082292 2016] [core:notice] [pid 6304:tid 464] AH00094: Command line: 'httpd.exe -d C:/Users/Boom/Programming/Video In Canon/Apache24'
[Sun Apr 03 01:02:13.388720 2016] [mpm_winnt:notice] [pid 6304:tid 464] AH00418: Parent: Created child process 1164
Apache server interrupted...
016] [ssl:warn] [pid 1164:tid 448] AH01909: localhost:443:0 server certificate does NOT include an ID which matches the server name
[Sun Apr 03 01:02:13.927902 2016] [ssl:warn] [pid 1164:tid 448] AH01909: localhost:443:0 server certificate does NOT include an ID which matches the server name
[Sun Apr 03 01:02:13.930905 2016] [mpm_winnt:notice] [pid 1164:tid 448] AH00354: Child: Starting 64 worker threads.
[Sun Apr 03 01:21:31.895746 2016] [mpm_winnt:notice] [pid 6304:tid 464] AH00422: Parent: Received shutdown signal -- Shutting down the server.
[Sun Apr 03 01:21:33.897308 2016] [mpm_winnt:notice] [pid 1164:tid 448] AH00364: Child: All worker threads have exited.
[Sun Apr 03 01:21:33.911634 2016] [mpm_winnt:notice] [pid 6304:tid 464] AH00430: Parent: Child process 1164 exited successfully.
[Sun Apr 03 01:22:39.414576 2016] [ssl:warn] [pid 2180:tid 440] AH01909: localhost:443:0 server certificate does NOT include an ID which matches the server name
[Sun Apr 03 01:22:39.573845 2016] [ssl:warn] [pid 2180:tid 440] AH01909: localhost:443:0 server certificate does NOT include an ID which matches the server name
[Sun Apr 03 01:22:39.573845 2016] [mpm_winnt:notice] [pid 2180:tid 440] AH00455: Apache/2.4.18 (Win64) OpenSSL/1.0.2g configured -- resuming normal operations
[Sun Apr 03 01:22:39.573845 2016] [mpm_winnt:notice] [pid 2180:tid 440] AH00456: Server built: Mar  1 2016 21:13:58
[Sun Apr 03 01:22:39.573845 2016] [core:notice] [pid 2180:tid 440] AH00094: Command line: 'httpd.exe -d C:/Users/Boom/Programming/Video In Canon/Apache24'
[Sun Apr 03 01:22:40.907806 2016] [mpm_winnt:notice] [pid 2180:tid 440] AH00418: Parent: Created child process 6232
Apache server interrupted...
016] [ssl:warn] [pid 6232:tid 456] AH01909: localhost:443:0 server certificate does NOT include an ID which matches the server name
[Sun Apr 03 01:22:41.459346 2016] [ssl:warn] [pid 6232:tid 456] AH01909: localhost:443:0 server certificate does NOT include an ID which matches the server name
[Sun Apr 03 01:22:41.462347 2016] [mpm_winnt:notice] [pid 6232:tid 456] AH00354: Child: Starting 64 worker threads.
[Sun Apr 03 03:42:35.665320 2016] [mpm_winnt:notice] [pid 2180:tid 440] AH00422: Parent: Received shutdown signal -- Shutting down the server.
[Sun Apr 03 03:42:37.666646 2016] [mpm_winnt:notice] [pid 6232:tid 456] AH00364: Child: All worker threads have exited.
[Sun Apr 03 03:42:37.683286 2016] [mpm_winnt:notice] [pid 2180:tid 440] AH00430: Parent: Child process 6232 exited successfully.
[Sun Apr 03 05:37:57.705947 2016] [ssl:warn] [pid 11064:tid 448] AH01909: localhost:443:0 server certificate does NOT include an ID which matches the server name
[Sun Apr 03 05:37:57.878379 2016] [ssl:warn] [pid 11064:tid 448] AH01909: localhost:443:0 server certificate does NOT include an ID which matches the server name
[Sun Apr 03 05:37:57.879379 2016] [mpm_winnt:notice] [pid 11064:tid 448] AH00455: Apache/2.4.18 (Win64) OpenSSL/1.0.2g configured -- resuming normal operations
[Sun Apr 03 05:37:57.879379 2016] [mpm_winnt:notice] [pid 11064:tid 448] AH00456: Server built: Mar  1 2016 21:13:58
[Sun Apr 03 05:37:57.879379 2016] [core:notice] [pid 11064:tid 448] AH00094: Command line: '.\\Apache24\\bin\\httpd.exe -d C:/Users/Boom/Programming/Video In Canon/Apache24'
[Sun Apr 03 05:37:59.186995 2016] [mpm_winnt:notice] [pid 11064:tid 448] AH00418: Parent: Created child process 10880
Apache server interrupted...
016] [ssl:warn] [pid 10880:tid 492] AH01909: localhost:443:0 server certificate does NOT include an ID which matches the server name
[Sun Apr 03 05:37:59.730719 2016] [ssl:warn] [pid 10880:tid 492] AH01909: localhost:443:0 server certificate does NOT include an ID which matches the server name
[Sun Apr 03 05:37:59.733721 2016] [mpm_winnt:notice] [pid 10880:tid 492] AH00354: Child: Starting 64 worker threads.
[Sun Apr 03 09:57:50.443052 2016] [mpm_winnt:notice] [pid 11064:tid 448] AH00422: Parent: Received shutdown signal -- Shutting down the server.
[Sun Apr 03 09:57:52.445685 2016] [mpm_winnt:notice] [pid 10880:tid 492] AH00364: Child: All worker threads have exited.
[Sun Apr 03 09:57:52.480549 2016] [mpm_winnt:notice] [pid 11064:tid 448] AH00430: Parent: Child process 10880 exited successfully.
[Sun Apr 03 09:58:01.722381 2016] [ssl:warn] [pid 10708:tid 440] AH01909: localhost:443:0 server certificate does NOT include an ID which matches the server name
[Sun Apr 03 09:58:01.932588 2016] [ssl:warn] [pid 10708:tid 440] AH01909: localhost:443:0 server certificate does NOT include an ID which matches the server name
[Sun Apr 03 09:58:01.933589 2016] [mpm_winnt:notice] [pid 10708:tid 440] AH00455: Apache/2.4.18 (Win64) OpenSSL/1.0.2g configured -- resuming normal operations
[Sun Apr 03 09:58:01.933589 2016] [mpm_winnt:notice] [pid 10708:tid 440] AH00456: Server built: Mar  1 2016 21:13:58
[Sun Apr 03 09:58:01.933589 2016] [core:notice] [pid 10708:tid 440] AH00094: Command line: '.\\Apache24\\bin\\httpd.exe -d C:/Users/Boom/Programming/Video In Canon/Apache24'
[Sun Apr 03 09:58:03.251775 2016] [mpm_winnt:notice] [pid 10708:tid 440] AH00418: Parent: Created child process 8400
Apache server interrupted...
016] [ssl:warn] [pid 8400:tid 492] AH01909: localhost:443:0 server certificate does NOT include an ID which matches the server name
[Sun Apr 03 09:58:03.781331 2016] [ssl:warn] [pid 8400:tid 492] AH01909: localhost:443:0 server certificate does NOT include an ID which matches the server name
[Sun Apr 03 09:58:03.783836 2016] [mpm_winnt:notice] [pid 8400:tid 492] AH00354: Child: Starting 64 worker threads.
[Sun Apr 03 10:04:06.901335 2016] [mpm_winnt:notice] [pid 10708:tid 440] AH00422: Parent: Received shutdown signal -- Shutting down the server.
[Sun Apr 03 10:04:08.902584 2016] [mpm_winnt:notice] [pid 8400:tid 492] AH00364: Child: All worker threads have exited.
[Sun Apr 03 10:04:08.921677 2016] [mpm_winnt:notice] [pid 10708:tid 440] AH00430: Parent: Child process 8400 exited successfully.
[Sun Apr 03 10:04:11.484960 2016] [ssl:warn] [pid 7092:tid 456] AH01909: localhost:443:0 server certificate does NOT include an ID which matches the server name
[Sun Apr 03 10:04:11.674594 2016] [ssl:warn] [pid 7092:tid 456] AH01909: localhost:443:0 server certificate does NOT include an ID which matches the server name
[Sun Apr 03 10:04:11.674594 2016] [mpm_winnt:notice] [pid 7092:tid 456] AH00455: Apache/2.4.18 (Win64) OpenSSL/1.0.2g configured -- resuming normal operations
[Sun Apr 03 10:04:11.674594 2016] [mpm_winnt:notice] [pid 7092:tid 456] AH00456: Server built: Mar  1 2016 21:13:58
[Sun Apr 03 10:04:11.674594 2016] [core:notice] [pid 7092:tid 456] AH00094: Command line: '.\\Apache24\\bin\\httpd.exe -d C:/Users/Boom/Programming/Video In Canon/Apache24'
[Sun Apr 03 10:04:12.993052 2016] [mpm_winnt:notice] [pid 7092:tid 456] AH00418: Parent: Created child process 2220
Apache server interrupted...
016] [ssl:warn] [pid 2220:tid 452] AH01909: localhost:443:0 server certificate does NOT include an ID which matches the server name
[Sun Apr 03 10:04:13.576990 2016] [ssl:warn] [pid 2220:tid 452] AH01909: localhost:443:0 server certificate does NOT include an ID which matches the server name
[Sun Apr 03 10:04:13.579993 2016] [mpm_winnt:notice] [pid 2220:tid 452] AH00354: Child: Starting 64 worker threads.
[Sun Apr 03 10:34:40.587524 2016] [mpm_winnt:notice] [pid 7092:tid 456] AH00422: Parent: Received shutdown signal -- Shutting down the server.
[Sun Apr 03 10:34:42.589000 2016] [mpm_winnt:notice] [pid 2220:tid 452] AH00364: Child: All worker threads have exited.
[Sun Apr 03 10:34:42.603532 2016] [mpm_winnt:notice] [pid 7092:tid 456] AH00430: Parent: Child process 2220 exited successfully.
[Sun Apr 03 10:40:53.305709 2016] [ssl:warn] [pid 412:tid 456] AH01909: localhost:443:0 server certificate does NOT include an ID which matches the server name
[Sun Apr 03 10:40:53.519507 2016] [ssl:warn] [pid 412:tid 456] AH01909: localhost:443:0 server certificate does NOT include an ID which matches the server name
[Sun Apr 03 10:40:53.520008 2016] [mpm_winnt:notice] [pid 412:tid 456] AH00455: Apache/2.4.18 (Win64) OpenSSL/1.0.2g configured -- resuming normal operations
[Sun Apr 03 10:40:53.520008 2016] [mpm_winnt:notice] [pid 412:tid 456] AH00456: Server built: Mar  1 2016 21:13:58
[Sun Apr 03 10:40:53.520008 2016] [core:notice] [pid 412:tid 456] AH00094: Command line: '.\\Apache24\\bin\\httpd.exe -d C:/Users/Boom/Programming/Video In Canon/Apache24'
[Sun Apr 03 10:40:54.827503 2016] [mpm_winnt:notice] [pid 412:tid 456] AH00418: Parent: Created child process 9432
Apache server interrupted...
016] [ssl:warn] [pid 9432:tid 460] AH01909: localhost:443:0 server certificate does NOT include an ID which matches the server name
[Sun Apr 03 10:40:55.633346 2016] [ssl:warn] [pid 9432:tid 460] AH01909: localhost:443:0 server certificate does NOT include an ID which matches the server name
[Sun Apr 03 10:40:55.637349 2016] [mpm_winnt:notice] [pid 9432:tid 460] AH00354: Child: Starting 64 worker threads.
[Sun Apr 03 10:56:56.594030 2016] [mpm_winnt:notice] [pid 412:tid 456] AH00422: Parent: Received shutdown signal -- Shutting down the server.
[Sun Apr 03 10:56:58.595238 2016] [mpm_winnt:notice] [pid 9432:tid 460] AH00364: Child: All worker threads have exited.
[Sun Apr 03 10:56:58.609539 2016] [mpm_winnt:notice] [pid 412:tid 456] AH00430: Parent: Child process 9432 exited successfully.
